nohup: ignoring input
mettef
--------EXTRACT DATA--------
START data extraction for keywords:  ['mettef', 'Mette', 'Frederiksen']
---
Opening          td_20200707_da_h_tlpdn_s
Begin processing td_20200707_da_h_tlpdn_s
Save of td_20200707_da_h_tlpdn_s done
-------------------------------------------

Opening          td_20200731_da_h
Begin processing td_20200731_da_h
Save of td_20200731_da_h done
-------------------------------------------

Opening          td_20200806_da_tlpdn_s
Begin processing td_20200806_da_tlpdn_s
Save of td_20200806_da_tlpdn_s done
-------------------------------------------

Opening          td_20200605_da_tlpdn_s
Begin processing td_20200605_da_tlpdn_s
Save of td_20200605_da_tlpdn_s done
-------------------------------------------

Opening          td_20200313_da_h
Begin processing td_20200313_da_h
Save of td_20200313_da_h done
-------------------------------------------

Opening          td_20200423_da_s
Begin processing td_20200423_da_s
Save of td_20200423_da_s done
-------------------------------------------

Opening          td_20200329_da_h
Begin processing td_20200329_da_h
Save of td_20200329_da_h done
-------------------------------------------

Opening          td_20200801_da_h_tlpdn_s
Begin processing td_20200801_da_h_tlpdn_s
Save of td_20200801_da_h_tlpdn_s done
-------------------------------------------

Opening          td_20200810_da_tlpdn_s
Begin processing td_20200810_da_tlpdn_s
Save of td_20200810_da_tlpdn_s done
-------------------------------------------

Opening          td_20200217_da_h
Begin processing td_20200217_da_h
Save of td_20200217_da_h done
-------------------------------------------

Opening          td_20200220_da_h_tlpdn_s
Begin processing td_20200220_da_h_tlpdn_s
Save of td_20200220_da_h_tlpdn_s done
-------------------------------------------

Opening          td_20200420_da_s
Begin processing td_20200420_da_s
Save of td_20200420_da_s done
-------------------------------------------

Opening          td_20201223_da
Begin processing td_20201223_da
Save of td_20201223_da done
-------------------------------------------

Opening          td_20200704_da_h_tlpdn_s
Begin processing td_20200704_da_h_tlpdn_s
Save of td_20200704_da_h_tlpdn_s done
-------------------------------------------

Opening          td_20200706_da_h_tlpdn_s
Begin processing td_20200706_da_h_tlpdn_s
Save of td_20200706_da_h_tlpdn_s done
-------------------------------------------

Opening          td_20200820_da_tlpdn_s
Begin processing td_20200820_da_tlpdn_s
Save of td_20200820_da_tlpdn_s done
-------------------------------------------

Opening          td_20200714_da_h
Begin processing td_20200714_da_h
Save of td_20200714_da_h done
-------------------------------------------

Opening          td_20201117_da_s
Begin processing td_20201117_da_s
Save of td_20201117_da_s done
-------------------------------------------

Opening          td_20200608_da_tlpdn_s
Begin processing td_20200608_da_tlpdn_s
Save of td_20200608_da_tlpdn_s done
-------------------------------------------

Opening          td_20200722_da_h_tlpdn_s
Begin processing td_20200722_da_h_tlpdn_s
Save of td_20200722_da_h_tlpdn_s done
-------------------------------------------

Opening          td_20210112_da
Begin processing td_20210112_da
Save of td_20210112_da done
-------------------------------------------

Opening          td_20200417_da_s
Begin processing td_20200417_da_s
Save of td_20200417_da_s done
-------------------------------------------

Opening          td_20201004_da_s
Begin processing td_20201004_da_s
Save of td_20201004_da_s done
-------------------------------------------

Opening          td_20200307_da_h_tlpdn_s
Begin processing td_20200307_da_h_tlpdn_s
Save of td_20200307_da_h_tlpdn_s done
-------------------------------------------

Opening          td_20200308_da_h_tlpdn_s
Begin processing td_20200308_da_h_tlpdn_s
Save of td_20200308_da_h_tlpdn_s done
-------------------------------------------

Opening          td_20201224_da
Begin processing td_20201224_da
Save of td_20201224_da done
-------------------------------------------

Opening          td_20201112_da_s
Begin processing td_20201112_da_s
Save of td_20201112_da_s done
-------------------------------------------

Opening          td_20200823_da_tlpdn_s
Begin processing td_20200823_da_tlpdn_s
Save of td_20200823_da_tlpdn_s done
-------------------------------------------

Opening          td_20201016_da_s
Begin processing td_20201016_da_s
Save of td_20201016_da_s done
-------------------------------------------

Opening          td_20201210_da
Begin processing td_20201210_da
Save of td_20201210_da done
-------------------------------------------

Opening          td_20200426_da_s
Begin processing td_20200426_da_s
Save of td_20200426_da_s done
-------------------------------------------

Opening          td_20200804_da_h
Begin processing td_20200804_da_h
Save of td_20200804_da_h done
-------------------------------------------

Opening          td_20201013_da_s
Begin processing td_20201013_da_s
Save of td_20201013_da_s done
-------------------------------------------

Opening          td_20200705_da_h_tlpdn_s
Begin processing td_20200705_da_h_tlpdn_s
Not enough data
-------------------------------------------

Opening          td_20200424_da_s
Begin processing td_20200424_da_s
Save of td_20200424_da_s done
-------------------------------------------

Opening          td_20200304_da_h_tlpdn_s
Begin processing td_20200304_da_h_tlpdn_s
Save of td_20200304_da_h_tlpdn_s done
-------------------------------------------

Opening          td_20200816_da_tlpdn_s
Begin processing td_20200816_da_tlpdn_s
Save of td_20200816_da_tlpdn_s done
-------------------------------------------

Opening          td_20210109_da
Begin processing td_20210109_da
Save of td_20210109_da done
-------------------------------------------

Opening          td_20200822_da_tlpdn_s
Begin processing td_20200822_da_tlpdn_s
Save of td_20200822_da_tlpdn_s done
-------------------------------------------

Opening          td_20200616_da_tlpdn_s
Begin processing td_20200616_da_tlpdn_s
Save of td_20200616_da_tlpdn_s done
-------------------------------------------

Opening          td_20201113_da_s
Begin processing td_20201113_da_s
Save of td_20201113_da_s done
-------------------------------------------

Opening          td_20210117_da
Begin processing td_20210117_da
Save of td_20210117_da done
-------------------------------------------

Opening          td_20200427_da_tlpdn_s
Begin processing td_20200427_da_tlpdn_s
Save of td_20200427_da_tlpdn_s done
-------------------------------------------

Opening          td_20201115_da_s
Begin processing td_20201115_da_s
Save of td_20201115_da_s done
-------------------------------------------

Opening          td_20200719_da_h_tlpdn_s
Begin processing td_20200719_da_h_tlpdn_s
Save of td_20200719_da_h_tlpdn_s done
-------------------------------------------

Opening          td_20200922_da_tlpdn_s
Begin processing td_20200922_da_tlpdn_s
Save of td_20200922_da_tlpdn_s done
-------------------------------------------

Opening          td_20201122_da_s
Begin processing td_20201122_da_s
Save of td_20201122_da_s done
-------------------------------------------

Opening          td_20201217_da
Begin processing td_20201217_da
Save of td_20201217_da done
-------------------------------------------

Opening          td_20201222_da
Begin processing td_20201222_da
Save of td_20201222_da done
-------------------------------------------

Opening          td_20210113_da
Begin processing td_20210113_da
Save of td_20210113_da done
-------------------------------------------

Opening          td_20200301_da_h_tlpdn_s
Begin processing td_20200301_da_h_tlpdn_s
Save of td_20200301_da_h_tlpdn_s done
-------------------------------------------

Opening          td_20200309_da_h_tlpdn_s
Begin processing td_20200309_da_h_tlpdn_s
Save of td_20200309_da_h_tlpdn_s done
-------------------------------------------

Opening          td_20200401_da_h
Begin processing td_20200401_da_h
Save of td_20200401_da_h done
-------------------------------------------

Opening          td_20201022_da_s
Begin processing td_20201022_da_s
Save of td_20201022_da_s done
-------------------------------------------

Opening          td_20210105_da
Begin processing td_20210105_da
Save of td_20210105_da done
-------------------------------------------

Opening          td_20200530_da_tlpdn_s
Begin processing td_20200530_da_tlpdn_s
Save of td_20200530_da_tlpdn_s done
-------------------------------------------

Opening          td_20201007_da_s
Begin processing td_20201007_da_s
Save of td_20201007_da_s done
-------------------------------------------

Opening          td_20200522_da_tlpdn_s
Begin processing td_20200522_da_tlpdn_s
Save of td_20200522_da_tlpdn_s done
-------------------------------------------

Opening          td_20200921_da_tlpdn_s
Begin processing td_20200921_da_tlpdn_s
Save of td_20200921_da_tlpdn_s done
-------------------------------------------

Opening          td_20200508_da_tlpdn_s
Begin processing td_20200508_da_tlpdn_s
Save of td_20200508_da_tlpdn_s done
-------------------------------------------

Opening          td_20200305_da_h_tlpdn_s
Begin processing td_20200305_da_h_tlpdn_s
Save of td_20200305_da_h_tlpdn_s done
-------------------------------------------

Opening          td_20200817_da_tlpdn_s
Begin processing td_20200817_da_tlpdn_s
Save of td_20200817_da_tlpdn_s done
-------------------------------------------

Opening          td_20200913_da_tlpdn_s
Begin processing td_20200913_da_tlpdn_s
Save of td_20200913_da_tlpdn_s done
-------------------------------------------

Opening          td_20200919_da_tlpdn_s
Begin processing td_20200919_da_tlpdn_s
Save of td_20200919_da_tlpdn_s done
-------------------------------------------

Opening          td_20200206_da_h_s
Begin processing td_20200206_da_h_s
Not enough data
-------------------------------------------

Opening          td_20200626_da_h
Begin processing td_20200626_da_h
Save of td_20200626_da_h done
-------------------------------------------

Opening          td_20210106_da
Begin processing td_20210106_da
Save of td_20210106_da done
-------------------------------------------

Opening          td_20201102_da_s
Begin processing td_20201102_da_s
Save of td_20201102_da_s done
-------------------------------------------

Opening          td_20201212_da
Begin processing td_20201212_da
Save of td_20201212_da done
-------------------------------------------

Opening          td_20201120_da_s
Begin processing td_20201120_da_s
Save of td_20201120_da_s done
-------------------------------------------

Opening          td_20201027_da_s
Begin processing td_20201027_da_s
Save of td_20201027_da_s done
-------------------------------------------

Opening          td_20200829_da_tlpdn_s
Begin processing td_20200829_da_tlpdn_s
Save of td_20200829_da_tlpdn_s done
-------------------------------------------

Opening          td_20200803_da_h_tlpdn_s
Begin processing td_20200803_da_h_tlpdn_s
Save of td_20200803_da_h_tlpdn_s done
-------------------------------------------

Opening          td_20200205_da_h_tlpdn_s
Begin processing td_20200205_da_h_tlpdn_s
Save of td_20200205_da_h_tlpdn_s done
-------------------------------------------

Opening          td_20200306_da_h_tlpdn_s
Begin processing td_20200306_da_h_tlpdn_s
Save of td_20200306_da_h_tlpdn_s done
-------------------------------------------

Opening          td_20200312_da_h_tlpdn_s
Begin processing td_20200312_da_h_tlpdn_s
Save of td_20200312_da_h_tlpdn_s done
-------------------------------------------

Opening          td_20200906_da_tlpdn_s
Begin processing td_20200906_da_tlpdn_s
Save of td_20200906_da_tlpdn_s done
-------------------------------------------

Opening          td_20201119_da_s
Begin processing td_20201119_da_s
Save of td_20201119_da_s done
-------------------------------------------

Opening          td_20200709_da_h_tlpdn_s
Begin processing td_20200709_da_h_tlpdn_s
Save of td_20200709_da_h_tlpdn_s done
-------------------------------------------

Opening          td_20200511_da_tlpdn_s
Begin processing td_20200511_da_tlpdn_s
Save of td_20200511_da_tlpdn_s done
-------------------------------------------

Opening          td_20200915_da_tlpdn_s
Begin processing td_20200915_da_tlpdn_s
Save of td_20200915_da_tlpdn_s done
-------------------------------------------

Opening          td_20201227_da
Begin processing td_20201227_da
Save of td_20201227_da done
-------------------------------------------

Opening          td_20200617_da_tlpdn_s
Begin processing td_20200617_da_tlpdn_s
Save of td_20200617_da_tlpdn_s done
-------------------------------------------

Opening          td_20201108_da_s
Begin processing td_20201108_da_s
Save of td_20201108_da_s done
-------------------------------------------

Opening          td_20200327_da_h
Begin processing td_20200327_da_h
Save of td_20200327_da_h done
-------------------------------------------

Opening          td_20200503_da_tlpdn_s
Begin processing td_20200503_da_tlpdn_s
Save of td_20200503_da_tlpdn_s done
-------------------------------------------

Opening          td_20200515_da_tlpdn_s
Begin processing td_20200515_da_tlpdn_s
Save of td_20200515_da_tlpdn_s done
-------------------------------------------

Opening          td_20200701_da_h
Begin processing td_20200701_da_h
Save of td_20200701_da_h done
-------------------------------------------

Opening          td_20200914_da_tlpdn_s
Begin processing td_20200914_da_tlpdn_s
Save of td_20200914_da_tlpdn_s done
-------------------------------------------

Opening          td_20200326_da_h
Begin processing td_20200326_da_h
Save of td_20200326_da_h done
-------------------------------------------

Opening          td_20200201_da_h_s
Begin processing td_20200201_da_h_s
Save of td_20200201_da_h_s done
-------------------------------------------

Opening          td_20200911_da_s
Begin processing td_20200911_da_s
Save of td_20200911_da_s done
-------------------------------------------

Opening          td_20200629_da_h
Begin processing td_20200629_da_h
Save of td_20200629_da_h done
-------------------------------------------

Opening          td_20200729_da_h_tlpdn_s
Begin processing td_20200729_da_h_tlpdn_s
Save of td_20200729_da_h_tlpdn_s done
-------------------------------------------

Opening          td_20200903_da_tlpdn_s
Begin processing td_20200903_da_tlpdn_s
Save of td_20200903_da_tlpdn_s done
-------------------------------------------

Opening          td_20200505_da_tlpdn_s
Begin processing td_20200505_da_tlpdn_s
Save of td_20200505_da_tlpdn_s done
-------------------------------------------

Opening          td_20200715_da_h_tlpdn_s
Begin processing td_20200715_da_h_tlpdn_s
Save of td_20200715_da_h_tlpdn_s done
-------------------------------------------

Opening          td_20210114_da
Begin processing td_20210114_da
Save of td_20210114_da done
-------------------------------------------

Opening          td_20200324_da_h
Begin processing td_20200324_da_h
Save of td_20200324_da_h done
-------------------------------------------

Opening          td_20200310_da_h_tlpdn_s
Begin processing td_20200310_da_h_tlpdn_s
Save of td_20200310_da_h_tlpdn_s done
-------------------------------------------

Opening          td_20200811_da_tlpdn_s
Begin processing td_20200811_da_tlpdn_s
Save of td_20200811_da_tlpdn_s done
-------------------------------------------

Opening          td_20210102_da
Begin processing td_20210102_da
Save of td_20210102_da done
-------------------------------------------

Opening          td_20200615_da_tlpdn_s
Begin processing td_20200615_da_tlpdn_s
Save of td_20200615_da_tlpdn_s done
-------------------------------------------

Opening          td_20200815_da_tlpdn_s
Begin processing td_20200815_da_tlpdn_s
Save of td_20200815_da_tlpdn_s done
-------------------------------------------

Opening          td_20200404_da_h
Begin processing td_20200404_da_h
Save of td_20200404_da_h done
-------------------------------------------

Opening          td_20201209_da
Begin processing td_20201209_da
Save of td_20201209_da done
-------------------------------------------

Opening          td_20200506_da_tlpdn_s
Begin processing td_20200506_da_tlpdn_s
Save of td_20200506_da_tlpdn_s done
-------------------------------------------

Opening          td_20200510_da_tlpdn_s
Begin processing td_20200510_da_tlpdn_s
Save of td_20200510_da_tlpdn_s done
-------------------------------------------

Opening          td_20200410_da_h
Begin processing td_20200410_da_h
Save of td_20200410_da_h done
-------------------------------------------

Opening          td_20200603_da_tlpdn_s
Begin processing td_20200603_da_tlpdn_s
Save of td_20200603_da_tlpdn_s done
-------------------------------------------

Opening          td_20201221_da
Begin processing td_20201221_da
Save of td_20201221_da done
-------------------------------------------

Opening          td_20200808_da_tlpdn_s
Begin processing td_20200808_da_tlpdn_s
Save of td_20200808_da_tlpdn_s done
-------------------------------------------

Opening          td_20200601_da_tlpdn_s
Begin processing td_20200601_da_tlpdn_s
Save of td_20200601_da_tlpdn_s done
-------------------------------------------

Opening          td_20200718_da_h
Begin processing td_20200718_da_h
Save of td_20200718_da_h done
-------------------------------------------

Opening          td_20201231_da
Begin processing td_20201231_da
Save of td_20201231_da done
-------------------------------------------

Opening          td_20200422_da_s
Begin processing td_20200422_da_s
Save of td_20200422_da_s done
-------------------------------------------

Opening          td_20200211_da_h
Begin processing td_20200211_da_h
Save of td_20200211_da_h done
-------------------------------------------

Opening          td_20201018_da_s
Begin processing td_20201018_da_s
Save of td_20201018_da_s done
-------------------------------------------

Opening          td_20200606_da_tlpdn_s
Begin processing td_20200606_da_tlpdn_s
Save of td_20200606_da_tlpdn_s done
-------------------------------------------

Opening          td_20201206_da_s
Begin processing td_20201206_da_s
Save of td_20201206_da_s done
-------------------------------------------

Opening          td_20210110_da
Begin processing td_20210110_da
Save of td_20210110_da done
-------------------------------------------

Opening          td_20201230_da
Begin processing td_20201230_da
Save of td_20201230_da done
-------------------------------------------

Opening          td_20200725_da_h_tlpdn_s
Begin processing td_20200725_da_h_tlpdn_s
Save of td_20200725_da_h_tlpdn_s done
-------------------------------------------

Opening          td_20200203_da_h_tlpdn_s
Begin processing td_20200203_da_h_tlpdn_s
Not enough data
-------------------------------------------

Opening          td_20200625_da_h
Begin processing td_20200625_da_h
Save of td_20200625_da_h done
-------------------------------------------

Opening          td_20200827_da_tlpdn_s
Begin processing td_20200827_da_tlpdn_s
Save of td_20200827_da_tlpdn_s done
-------------------------------------------

Opening          td_20201015_da_s
Begin processing td_20201015_da_s
Save of td_20201015_da_s done
-------------------------------------------

Opening          td_20201228_da
Begin processing td_20201228_da
Save of td_20201228_da done
-------------------------------------------

Opening          td_20200713_da_h_tlpdn_s
Begin processing td_20200713_da_h_tlpdn_s
Not enough data
-------------------------------------------

Opening          td_20200622_da_tlpdn_s
Begin processing td_20200622_da_tlpdn_s
Save of td_20200622_da_tlpdn_s done
-------------------------------------------

Opening          td_20200818_da_tlpdn_s
Begin processing td_20200818_da_tlpdn_s
Save of td_20200818_da_tlpdn_s done
-------------------------------------------

Opening          td_20201219_da
Begin processing td_20201219_da
Save of td_20201219_da done
-------------------------------------------

Opening          td_20200415_da_s
Begin processing td_20200415_da_s
Save of td_20200415_da_s done
-------------------------------------------

Opening          td_20200328_da_h
Begin processing td_20200328_da_h
Save of td_20200328_da_h done
-------------------------------------------

Opening          td_20200321_da_h_tlpdn_s
Begin processing td_20200321_da_h_tlpdn_s
Save of td_20200321_da_h_tlpdn_s done
-------------------------------------------

Opening          td_20201208_da_s
Begin processing td_20201208_da_s
Save of td_20201208_da_s done
-------------------------------------------

Opening          td_20200930_da_tlpdn_s
Begin processing td_20200930_da_tlpdn_s
Save of td_20200930_da_tlpdn_s done
-------------------------------------------

Opening          td_20200208_da_h
Begin processing td_20200208_da_h
Save of td_20200208_da_h done
-------------------------------------------

Opening          td_20200516_da_tlpdn_s
Begin processing td_20200516_da_tlpdn_s
Save of td_20200516_da_tlpdn_s done
-------------------------------------------

Opening          td_20200726_da_h_tlpdn_s
Begin processing td_20200726_da_h_tlpdn_s
Save of td_20200726_da_h_tlpdn_s done
-------------------------------------------

Opening          td_20201101_da_s
Begin processing td_20201101_da_s
Not enough data
-------------------------------------------

Opening          td_20200412_da_h
Begin processing td_20200412_da_h
Save of td_20200412_da_h done
-------------------------------------------

Opening          td_20200927_da_tlpdn_s
Begin processing td_20200927_da_tlpdn_s
Save of td_20200927_da_tlpdn_s done
-------------------------------------------

Opening          td_20200727_da_h_tlpdn_s
Begin processing td_20200727_da_h_tlpdn_s
Save of td_20200727_da_h_tlpdn_s done
-------------------------------------------

Opening          td_20201225_da
Begin processing td_20201225_da
Save of td_20201225_da done
-------------------------------------------

Opening          td_20200524_da_tlpdn_s
Begin processing td_20200524_da_tlpdn_s
Save of td_20200524_da_tlpdn_s done
-------------------------------------------

Opening          td_20200621_da_tlpdn_s
Begin processing td_20200621_da_tlpdn_s
Save of td_20200621_da_tlpdn_s done
-------------------------------------------

Opening          td_20200507_da_tlpdn_s
Begin processing td_20200507_da_tlpdn_s
Save of td_20200507_da_tlpdn_s done
-------------------------------------------

Opening          td_20201012_da_s
Begin processing td_20201012_da_s
Save of td_20201012_da_s done
-------------------------------------------

Opening          td_20201005_da_s
Begin processing td_20201005_da_s
Save of td_20201005_da_s done
-------------------------------------------

Opening          td_20200219_da_h_tlpdn_s
Begin processing td_20200219_da_h_tlpdn_s
Save of td_20200219_da_h_tlpdn_s done
-------------------------------------------

Opening          td_20200504_da_tlpdn_s
Begin processing td_20200504_da_tlpdn_s
Save of td_20200504_da_tlpdn_s done
-------------------------------------------

Opening          td_20200708_da_h_tlpdn_s
Begin processing td_20200708_da_h_tlpdn_s
Save of td_20200708_da_h_tlpdn_s done
-------------------------------------------

Opening          td_20200728_da_h_tlpdn_s
Begin processing td_20200728_da_h_tlpdn_s
Save of td_20200728_da_h_tlpdn_s done
-------------------------------------------

Opening          td_20201214_da
Begin processing td_20201214_da
Save of td_20201214_da done
-------------------------------------------

Opening          td_20201025_da_s
Begin processing td_20201025_da_s
Save of td_20201025_da_s done
-------------------------------------------

Opening          td_20200612_da_tlpdn_s
Begin processing td_20200612_da_tlpdn_s
Save of td_20200612_da_tlpdn_s done
-------------------------------------------

Opening          td_20200526_da_tlpdn_s
Begin processing td_20200526_da_tlpdn_s
Save of td_20200526_da_tlpdn_s done
-------------------------------------------

Opening          td_20200721_da_h_tlpdn_s
Begin processing td_20200721_da_h_tlpdn_s
Save of td_20200721_da_h_tlpdn_s done
-------------------------------------------

Opening          td_20201126_da_s
Begin processing td_20201126_da_s
Save of td_20201126_da_s done
-------------------------------------------

Opening          td_20201020_da_s
Begin processing td_20201020_da_s
Save of td_20201020_da_s done
-------------------------------------------

Opening          td_20200923_da_tlpdn_s
Begin processing td_20200923_da_tlpdn_s
Save of td_20200923_da_tlpdn_s done
-------------------------------------------

Opening          td_20201031_da_s
Begin processing td_20201031_da_s
Save of td_20201031_da_s done
-------------------------------------------

Opening          td_20200202_da_h_tlpdn_s
Begin processing td_20200202_da_h_tlpdn_s
Save of td_20200202_da_h_tlpdn_s done
-------------------------------------------

Opening          td_20200428_da_tlpdn_s
Begin processing td_20200428_da_tlpdn_s
Save of td_20200428_da_tlpdn_s done
-------------------------------------------

Opening          td_20200830_da_tlpdn_s
Begin processing td_20200830_da_tlpdn_s
Save of td_20200830_da_tlpdn_s done
-------------------------------------------

Opening          td_20200317_da_h_tlpdn_s
Begin processing td_20200317_da_h_tlpdn_s
Save of td_20200317_da_h_tlpdn_s done
-------------------------------------------

Opening          td_20200430_da_tlpdn_s
Begin processing td_20200430_da_tlpdn_s
Save of td_20200430_da_tlpdn_s done
-------------------------------------------

Opening          td_20200604_da_tlpdn_s
Begin processing td_20200604_da_tlpdn_s
Save of td_20200604_da_tlpdn_s done
-------------------------------------------

Opening          td_20200623_da_tlpdn_s
Begin processing td_20200623_da_tlpdn_s
Save of td_20200623_da_tlpdn_s done
-------------------------------------------

Opening          td_20200204_da_h_tlpdn_s
Begin processing td_20200204_da_h_tlpdn_s
Save of td_20200204_da_h_tlpdn_s done
-------------------------------------------

Opening          td_20210111_da
Begin processing td_20210111_da
Save of td_20210111_da done
-------------------------------------------

Opening          td_20200908_da_tlpdn_s
Begin processing td_20200908_da_tlpdn_s
Save of td_20200908_da_tlpdn_s done
-------------------------------------------

Opening          td_20210103_da
Begin processing td_20210103_da
Save of td_20210103_da done
-------------------------------------------

Opening          td_20200610_da_tlpdn_s
Begin processing td_20200610_da_tlpdn_s
Save of td_20200610_da_tlpdn_s done
-------------------------------------------

Opening          td_20200224_da_h
Begin processing td_20200224_da_h
Save of td_20200224_da_h done
-------------------------------------------

Opening          td_20201205_da_s
Begin processing td_20201205_da_s
Save of td_20201205_da_s done
-------------------------------------------

Opening          td_20201104_da_s
Begin processing td_20201104_da_s
Save of td_20201104_da_s done
-------------------------------------------

Opening          td_20200222_da_h
Begin processing td_20200222_da_h
Not enough data
-------------------------------------------

Opening          td_20200216_da_h_tlpdn_s
Begin processing td_20200216_da_h_tlpdn_s
Save of td_20200216_da_h_tlpdn_s done
-------------------------------------------

Opening          td_20200311_da_h
Begin processing td_20200311_da_h
Save of td_20200311_da_h done
-------------------------------------------

Opening          td_20200821_da_tlpdn_s
Begin processing td_20200821_da_tlpdn_s
Save of td_20200821_da_tlpdn_s done
-------------------------------------------

Opening          td_20200602_da_tlpdn_s
Begin processing td_20200602_da_tlpdn_s
Save of td_20200602_da_tlpdn_s done
-------------------------------------------

Opening          td_20200517_da_tlpdn_s
Begin processing td_20200517_da_tlpdn_s
Save of td_20200517_da_tlpdn_s done
-------------------------------------------

Opening          td_20200925_da_tlpdn_s
Begin processing td_20200925_da_tlpdn_s
Save of td_20200925_da_tlpdn_s done
-------------------------------------------

Opening          td_20200330_da_h
Begin processing td_20200330_da_h
Save of td_20200330_da_h done
-------------------------------------------

Opening          td_20200828_da_tlpdn_s
Begin processing td_20200828_da_tlpdn_s
Save of td_20200828_da_tlpdn_s done
-------------------------------------------

Opening          td_20200702_da_h_tlpdn_s
Begin processing td_20200702_da_h_tlpdn_s
Not enough data
-------------------------------------------

Opening          td_20201123_da_s
Begin processing td_20201123_da_s
Save of td_20201123_da_s done
-------------------------------------------

Opening          td_20201118_da_s
Begin processing td_20201118_da_s
Save of td_20201118_da_s done
-------------------------------------------

Opening          td_20200402_da_h
Begin processing td_20200402_da_h
Save of td_20200402_da_h done
-------------------------------------------

Opening          td_20200411_da_h
Begin processing td_20200411_da_h
Save of td_20200411_da_h done
-------------------------------------------

Opening          td_20201207_da_s
Begin processing td_20201207_da_s
Save of td_20201207_da_s done
-------------------------------------------

Opening          td_20200607_da_tlpdn_s
Begin processing td_20200607_da_tlpdn_s
Save of td_20200607_da_tlpdn_s done
-------------------------------------------

Opening          td_20201130_da_s
Begin processing td_20201130_da_s
Save of td_20201130_da_s done
-------------------------------------------

Opening          td_20201107_da_s
Begin processing td_20201107_da_s
Save of td_20201107_da_s done
-------------------------------------------

Opening          td_20200720_da_h_tlpdn_s
Begin processing td_20200720_da_h_tlpdn_s
Save of td_20200720_da_h_tlpdn_s done
-------------------------------------------

Opening          td_20200425_da_s
Begin processing td_20200425_da_s
Save of td_20200425_da_s done
-------------------------------------------

Opening          td_20210107_da
Begin processing td_20210107_da
Save of td_20210107_da done
-------------------------------------------

Opening          td_20201215_da
Begin processing td_20201215_da
Save of td_20201215_da done
-------------------------------------------

Opening          td_20200418_da_s
Begin processing td_20200418_da_s
Save of td_20200418_da_s done
-------------------------------------------

Opening          td_20201002_da_s
Begin processing td_20201002_da_s
Save of td_20201002_da_s done
-------------------------------------------

Opening          td_20200214_da_h_tlpdn_s
Begin processing td_20200214_da_h_tlpdn_s
Save of td_20200214_da_h_tlpdn_s done
-------------------------------------------

Opening          td_20201029_da_s
Begin processing td_20201029_da_s
Save of td_20201029_da_s done
-------------------------------------------

Opening          td_20200520_da_tlpdn_s
Begin processing td_20200520_da_tlpdn_s
Save of td_20200520_da_tlpdn_s done
-------------------------------------------

Opening          td_20200926_da_tlpdn_s
Begin processing td_20200926_da_tlpdn_s
Save of td_20200926_da_tlpdn_s done
-------------------------------------------

Opening          td_20200819_da_tlpdn_s
Begin processing td_20200819_da_tlpdn_s
Save of td_20200819_da_tlpdn_s done
-------------------------------------------

Opening          td_20200421_da_s
Begin processing td_20200421_da_s
Save of td_20200421_da_s done
-------------------------------------------

Opening          td_20200221_da_h_tlpdn_s
Begin processing td_20200221_da_h_tlpdn_s
Save of td_20200221_da_h_tlpdn_s done
-------------------------------------------

Opening          td_20201220_da
Begin processing td_20201220_da
Save of td_20201220_da done
-------------------------------------------

Opening          td_20201204_da_s
Begin processing td_20201204_da_s
Save of td_20201204_da_s done
-------------------------------------------

Opening          td_20200920_da_tlpdn_s
Begin processing td_20200920_da_tlpdn_s
Save of td_20200920_da_tlpdn_s done
-------------------------------------------

Opening          td_20200323_da_h
Begin processing td_20200323_da_h
Save of td_20200323_da_h done
-------------------------------------------

Opening          td_20200209_da_h_tlpdn_s
Begin processing td_20200209_da_h_tlpdn_s
Not enough data
-------------------------------------------

Opening          td_20200724_da_h_tlpdn_s
Begin processing td_20200724_da_h_tlpdn_s
Save of td_20200724_da_h_tlpdn_s done
-------------------------------------------

Opening          td_20200809_da_tlpdn_s
Begin processing td_20200809_da_tlpdn_s
Save of td_20200809_da_tlpdn_s done
-------------------------------------------

Opening          td_20210118_da
Begin processing td_20210118_da
Save of td_20210118_da done
-------------------------------------------

Opening          td_20201213_da
Begin processing td_20201213_da
Save of td_20201213_da done
-------------------------------------------

Opening          td_20201127_da_s
Begin processing td_20201127_da_s
Save of td_20201127_da_s done
-------------------------------------------

Opening          td_20201216_da
Begin processing td_20201216_da
Save of td_20201216_da done
-------------------------------------------

Opening          td_20200917_da_tlpdn_s
Begin processing td_20200917_da_tlpdn_s
Save of td_20200917_da_tlpdn_s done
-------------------------------------------

Opening          td_20200812_da_tlpdn_s
Begin processing td_20200812_da_tlpdn_s
Save of td_20200812_da_tlpdn_s done
-------------------------------------------

Opening          td_20200415_da_h
Begin processing td_20200415_da_h
Save of td_20200415_da_h done
-------------------------------------------

Opening          td_20201203_da_s
Begin processing td_20201203_da_s
Save of td_20201203_da_s done
-------------------------------------------

Opening          td_20200416_da_s
Begin processing td_20200416_da_s
Save of td_20200416_da_s done
-------------------------------------------

Opening          td_20201110_da_s
Begin processing td_20201110_da_s
Save of td_20201110_da_s done
-------------------------------------------

Opening          td_20200711_da_h_tlpdn_s
Begin processing td_20200711_da_h_tlpdn_s
Not enough data
-------------------------------------------

Opening          td_20201028_da_h
Begin processing td_20201028_da_h
Save of td_20201028_da_h done
-------------------------------------------

Opening          td_20200630_da_h
Begin processing td_20200630_da_h
Not enough data
-------------------------------------------

Opening          td_20201106_da_s
Begin processing td_20201106_da_s
Save of td_20201106_da_s done
-------------------------------------------

Opening          td_20200614_da_tlpdn_s
Begin processing td_20200614_da_tlpdn_s
Save of td_20200614_da_tlpdn_s done
-------------------------------------------

Opening          td_20200509_da_tlpdn_s
Begin processing td_20200509_da_tlpdn_s
Not enough data
-------------------------------------------

Opening          td_20200918_da_tlpdn_s
Begin processing td_20200918_da_tlpdn_s
Save of td_20200918_da_tlpdn_s done
-------------------------------------------

Opening          td_20200805_da_h
Begin processing td_20200805_da_h
Not enough data
-------------------------------------------

Opening          td_20200804_da_tlpdn_s
Begin processing td_20200804_da_tlpdn_s
Save of td_20200804_da_tlpdn_s done
-------------------------------------------

Opening          td_20201109_da_s
Begin processing td_20201109_da_s
Save of td_20201109_da_s done
-------------------------------------------

Opening          td_20201009_da_s
Begin processing td_20201009_da_s
Save of td_20201009_da_s done
-------------------------------------------

Opening          td_20200912_da_tlpdn_s
Begin processing td_20200912_da_tlpdn_s
Save of td_20200912_da_tlpdn_s done
-------------------------------------------

Opening          td_20200907_da_tlpdn_s
Begin processing td_20200907_da_tlpdn_s
Save of td_20200907_da_tlpdn_s done
-------------------------------------------

Opening          td_20210116_da
Begin processing td_20210116_da
Save of td_20210116_da done
-------------------------------------------

Opening          td_20201121_da_s
Begin processing td_20201121_da_s
Save of td_20201121_da_s done
-------------------------------------------

Opening          td_20200409_da_h
Begin processing td_20200409_da_h
Save of td_20200409_da_h done
-------------------------------------------

Opening          td_20200223_da_h_tlpdn_s
Begin processing td_20200223_da_h_tlpdn_s
Save of td_20200223_da_h_tlpdn_s done
-------------------------------------------

Opening          td_20200902_da_tlpdn_s
Begin processing td_20200902_da_tlpdn_s
Save of td_20200902_da_tlpdn_s done
-------------------------------------------

Opening          td_20200225_da_h_tlpdn_s
Begin processing td_20200225_da_h_tlpdn_s
Save of td_20200225_da_h_tlpdn_s done
-------------------------------------------

Opening          td_20200207_da_h_s
Begin processing td_20200207_da_h_s
Save of td_20200207_da_h_s done
-------------------------------------------

Opening          td_20200320_da_h_tlpdn_s
Begin processing td_20200320_da_h_tlpdn_s
Not enough data
-------------------------------------------

Opening          td_20200405_da_h
Begin processing td_20200405_da_h
Save of td_20200405_da_h done
-------------------------------------------

Opening          td_20210101_da
Begin processing td_20210101_da
Save of td_20210101_da done
-------------------------------------------

Opening          td_20201010_da_s
Begin processing td_20201010_da_s
Save of td_20201010_da_s done
-------------------------------------------

Opening          td_20200212_da_h_tlpdn_s
Begin processing td_20200212_da_h_tlpdn_s
Not enough data
-------------------------------------------

Opening          td_20201030_da_s
Begin processing td_20201030_da_s
Save of td_20201030_da_s done
-------------------------------------------

Opening          td_20201024_da_s
Begin processing td_20201024_da_s
Save of td_20201024_da_s done
-------------------------------------------

Opening          td_20201114_da_s
Begin processing td_20201114_da_s
Save of td_20201114_da_s done
-------------------------------------------

Opening          td_20200228_da_h_tlpdn_s
Begin processing td_20200228_da_h_tlpdn_s
Not enough data
-------------------------------------------

Opening          td_20200528_da_tlpdn_s
Begin processing td_20200528_da_tlpdn_s
Save of td_20200528_da_tlpdn_s done
-------------------------------------------

Opening          td_20200716_da_h_tlpdn_s
Begin processing td_20200716_da_h_tlpdn_s
Not enough data
-------------------------------------------

Opening          td_20200218_da_h_tlpdn_s
Begin processing td_20200218_da_h_tlpdn_s
Save of td_20200218_da_h_tlpdn_s done
-------------------------------------------

Opening          td_20200624_da_h
Begin processing td_20200624_da_h
Save of td_20200624_da_h done
-------------------------------------------

Opening          td_20200210_da_h_tlpdn_s
Begin processing td_20200210_da_h_tlpdn_s
Save of td_20200210_da_h_tlpdn_s done
-------------------------------------------

Opening          td_20201028_da_s
Begin processing td_20201028_da_s
Not enough data
-------------------------------------------

Opening          td_20200403_da_h
Begin processing td_20200403_da_h
Save of td_20200403_da_h done
-------------------------------------------

Opening          td_20201116_da_s
Begin processing td_20201116_da_s
Save of td_20201116_da_s done
-------------------------------------------

Opening          td_20200525_da_tlpdn_s
Begin processing td_20200525_da_tlpdn_s
Save of td_20200525_da_tlpdn_s done
-------------------------------------------

Opening          td_20200802_da_h_tlpdn_s
Begin processing td_20200802_da_h_tlpdn_s
Save of td_20200802_da_h_tlpdn_s done
-------------------------------------------

Opening          td_20200807_da_tlpdn_s
Begin processing td_20200807_da_tlpdn_s
Save of td_20200807_da_tlpdn_s done
-------------------------------------------

Opening          td_20201201_da_s
Begin processing td_20201201_da_s
Save of td_20201201_da_s done
-------------------------------------------

Opening          td_20201003_da_s
Begin processing td_20201003_da_s
Save of td_20201003_da_s done
-------------------------------------------

Opening          td_20200618_da_tlpdn_s
Begin processing td_20200618_da_tlpdn_s
Save of td_20200618_da_tlpdn_s done
-------------------------------------------

Opening          td_20200319_da_h
Begin processing td_20200319_da_h
Not enough data
-------------------------------------------

Opening          td_20200928_da_tlpdn_s
Begin processing td_20200928_da_tlpdn_s
Save of td_20200928_da_tlpdn_s done
-------------------------------------------

Opening          td_20200318_da_h_tlpdn_s
Begin processing td_20200318_da_h_tlpdn_s
Save of td_20200318_da_h_tlpdn_s done
-------------------------------------------

Opening          td_20200406_da_h
Begin processing td_20200406_da_h
Save of td_20200406_da_h done
-------------------------------------------

Opening          td_20201229_da
Begin processing td_20201229_da
Save of td_20201229_da done
-------------------------------------------

Opening          td_20201125_da_s
Begin processing td_20201125_da_s
Save of td_20201125_da_s done
-------------------------------------------

Opening          td_20201202_da_s
Begin processing td_20201202_da_s
Save of td_20201202_da_s done
-------------------------------------------

Opening          td_20200523_da_tlpdn_s
Begin processing td_20200523_da_tlpdn_s
Save of td_20200523_da_tlpdn_s done
-------------------------------------------

Opening          td_20200419_da_s
Begin processing td_20200419_da_s
Save of td_20200419_da_s done
-------------------------------------------

Opening          td_20200226_da_h_tlpdn_s
Begin processing td_20200226_da_h_tlpdn_s
Save of td_20200226_da_h_tlpdn_s done
-------------------------------------------

Opening          td_20200717_da_h
Begin processing td_20200717_da_h
Save of td_20200717_da_h done
-------------------------------------------

Opening          td_20200620_da_tlpdn_s
Begin processing td_20200620_da_tlpdn_s
Not enough data
-------------------------------------------

Opening          td_20200513_da_tlpdn_s
Begin processing td_20200513_da_tlpdn_s
Not enough data
-------------------------------------------

Opening          td_20200909_da_tlpdn_s
Begin processing td_20200909_da_tlpdn_s
Save of td_20200909_da_tlpdn_s done
-------------------------------------------

Opening          td_20201011_da_s
Begin processing td_20201011_da_s
Save of td_20201011_da_s done
-------------------------------------------

Opening          td_20200814_da_tlpdn_s
Begin processing td_20200814_da_tlpdn_s
Save of td_20200814_da_tlpdn_s done
-------------------------------------------

Opening          td_20200703_da_h_tlpdn_s
Begin processing td_20200703_da_h_tlpdn_s
Save of td_20200703_da_h_tlpdn_s done
-------------------------------------------

Opening          td_20200531_da_tlpdn_s
Begin processing td_20200531_da_tlpdn_s
Save of td_20200531_da_tlpdn_s done
-------------------------------------------

Opening          td_20200712_da_h_tlpdn_s
Begin processing td_20200712_da_h_tlpdn_s
Save of td_20200712_da_h_tlpdn_s done
-------------------------------------------

Opening          td_20200924_da_tlpdn_s
Begin processing td_20200924_da_tlpdn_s
Not enough data
-------------------------------------------

Opening          td_20201124_da_s
Begin processing td_20201124_da_s
Save of td_20201124_da_s done
-------------------------------------------

Opening          td_20200227_da_h_tlpdn_s
Begin processing td_20200227_da_h_tlpdn_s
Not enough data
-------------------------------------------

Opening          td_20200529_da_tlpdn_s
Begin processing td_20200529_da_tlpdn_s
Save of td_20200529_da_tlpdn_s done
-------------------------------------------

Opening          td_20200826_da_tlpdn_s
Begin processing td_20200826_da_tlpdn_s
Save of td_20200826_da_tlpdn_s done
-------------------------------------------

Opening          td_20200730_da_h
Begin processing td_20200730_da_h
Save of td_20200730_da_h done
-------------------------------------------

Opening          td_20200916_da_tlpdn_s
Begin processing td_20200916_da_tlpdn_s
Not enough data
-------------------------------------------

Opening          td_20201105_da_s
Begin processing td_20201105_da_s
Save of td_20201105_da_s done
-------------------------------------------

Opening          td_20210115_da
Begin processing td_20210115_da
Save of td_20210115_da done
-------------------------------------------

Opening          td_20200805_da_tlpdn_s
Begin processing td_20200805_da_tlpdn_s
Save of td_20200805_da_tlpdn_s done
-------------------------------------------

Opening          td_20200514_da_tlpdn_s
Begin processing td_20200514_da_tlpdn_s
Save of td_20200514_da_tlpdn_s done
-------------------------------------------

Opening          td_20201014_da_s
Begin processing td_20201014_da_s
Save of td_20201014_da_s done
-------------------------------------------

Opening          td_20201023_da_s
Begin processing td_20201023_da_s
Save of td_20201023_da_s done
-------------------------------------------

Opening          td_20200901_da_tlpdn_s
Begin processing td_20200901_da_tlpdn_s
Save of td_20200901_da_tlpdn_s done
-------------------------------------------

Opening          td_20200527_da_tlpdn_s
Begin processing td_20200527_da_tlpdn_s
Save of td_20200527_da_tlpdn_s done
-------------------------------------------

Opening          td_20201001_da_tlpdn_s
Begin processing td_20201001_da_tlpdn_s
Save of td_20201001_da_tlpdn_s done
-------------------------------------------

Opening          td_20200611_da_tlpdn_s
Begin processing td_20200611_da_tlpdn_s
Not enough data
-------------------------------------------

Opening          td_20201111_da_s
Begin processing td_20201111_da_s
Save of td_20201111_da_s done
-------------------------------------------

Opening          td_20200414_da_h
Begin processing td_20200414_da_h
Save of td_20200414_da_h done
-------------------------------------------

Opening          td_20200609_da_tlpdn_s
Begin processing td_20200609_da_tlpdn_s
Save of td_20200609_da_tlpdn_s done
-------------------------------------------

Opening          td_20200215_da_h_tlpdn_s
Begin processing td_20200215_da_h_tlpdn_s
Save of td_20200215_da_h_tlpdn_s done
-------------------------------------------

Opening          td_20200512_da_tlpdn_s
Begin processing td_20200512_da_tlpdn_s
Save of td_20200512_da_tlpdn_s done
-------------------------------------------

Opening          td_20210108_da
Begin processing td_20210108_da
Save of td_20210108_da done
-------------------------------------------

Opening          td_20200710_da_h_tlpdn_s
Begin processing td_20200710_da_h_tlpdn_s
Save of td_20200710_da_h_tlpdn_s done
-------------------------------------------

Opening          td_20200429_da_tlpdn_s
Begin processing td_20200429_da_tlpdn_s
Save of td_20200429_da_tlpdn_s done
-------------------------------------------

Opening          td_20210104_da
Begin processing td_20210104_da
Save of td_20210104_da done
-------------------------------------------

Opening          td_20200314_da_h_tlpdn_s
Begin processing td_20200314_da_h_tlpdn_s
Save of td_20200314_da_h_tlpdn_s done
-------------------------------------------

Opening          td_20200628_da_h
Begin processing td_20200628_da_h
Not enough data
-------------------------------------------

Opening          td_20200413_da_h
Begin processing td_20200413_da_h
Save of td_20200413_da_h done
-------------------------------------------

Opening          td_20200905_da_tlpdn_s
Begin processing td_20200905_da_tlpdn_s
Save of td_20200905_da_tlpdn_s done
-------------------------------------------

Opening          td_20200325_da_h_tlpdn_s
Begin processing td_20200325_da_h_tlpdn_s
Save of td_20200325_da_h_tlpdn_s done
-------------------------------------------

Opening          td_20200831_da_tlpdn_s
Begin processing td_20200831_da_tlpdn_s
Save of td_20200831_da_tlpdn_s done
-------------------------------------------

Opening          td_20200331_da_h
Begin processing td_20200331_da_h
Save of td_20200331_da_h done
-------------------------------------------

Opening          td_20200213_da_h_tlpdn_s
Begin processing td_20200213_da_h_tlpdn_s
Save of td_20200213_da_h_tlpdn_s done
-------------------------------------------

Opening          td_20200824_da_tlpdn_s
Begin processing td_20200824_da_tlpdn_s
Save of td_20200824_da_tlpdn_s done
-------------------------------------------

Opening          td_20200813_da_tlpdn_s
Begin processing td_20200813_da_tlpdn_s
Save of td_20200813_da_tlpdn_s done
-------------------------------------------

Opening          td_20200501_da_tlpdn_s
Begin processing td_20200501_da_tlpdn_s
Save of td_20200501_da_tlpdn_s done
-------------------------------------------

Opening          td_20201218_da
Begin processing td_20201218_da
Save of td_20201218_da done
-------------------------------------------

Opening          td_20200910_da_tlpdn_s
Begin processing td_20200910_da_tlpdn_s
Save of td_20200910_da_tlpdn_s done
-------------------------------------------

Opening          td_20200904_da_tlpdn_s
Begin processing td_20200904_da_tlpdn_s
Save of td_20200904_da_tlpdn_s done
-------------------------------------------

Opening          td_20200518_da_tlpdn_s
Begin processing td_20200518_da_tlpdn_s
Save of td_20200518_da_tlpdn_s done
-------------------------------------------

Opening          td_20200407_da_h
Begin processing td_20200407_da_h
Save of td_20200407_da_h done
-------------------------------------------

Opening          td_20200929_da_tlpdn_s
Begin processing td_20200929_da_tlpdn_s
Save of td_20200929_da_tlpdn_s done
-------------------------------------------

Opening          td_20200302_da_h_tlpdn_s
Begin processing td_20200302_da_h_tlpdn_s
Save of td_20200302_da_h_tlpdn_s done
-------------------------------------------

Opening          td_20201019_da_s
Begin processing td_20201019_da_s
Save of td_20201019_da_s done
-------------------------------------------

Opening          td_20201129_da_s
Begin processing td_20201129_da_s
Save of td_20201129_da_s done
-------------------------------------------

Opening          td_20201008_da_s
Begin processing td_20201008_da_s
Save of td_20201008_da_s done
-------------------------------------------

Opening          td_20201103_da_s
Begin processing td_20201103_da_s
Save of td_20201103_da_s done
-------------------------------------------

Opening          td_20200521_da_tlpdn_s
Begin processing td_20200521_da_tlpdn_s
Save of td_20200521_da_tlpdn_s done
-------------------------------------------

Opening          td_20200315_da_h_tlpdn_s
Begin processing td_20200315_da_h_tlpdn_s
Save of td_20200315_da_h_tlpdn_s done
-------------------------------------------

Opening          td_20200619_da_tlpdn_s
Begin processing td_20200619_da_tlpdn_s
Save of td_20200619_da_tlpdn_s done
-------------------------------------------

Opening          td_20200613_da_tlpdn_s
Begin processing td_20200613_da_tlpdn_s
Save of td_20200613_da_tlpdn_s done
-------------------------------------------

Opening          td_20201006_da_s
Begin processing td_20201006_da_s
Save of td_20201006_da_s done
-------------------------------------------

Opening          td_20200825_da_tlpdn_s
Begin processing td_20200825_da_tlpdn_s
Not enough data
-------------------------------------------

Opening          td_20201128_da_s
Begin processing td_20201128_da_s
Save of td_20201128_da_s done
-------------------------------------------

Opening          td_20201026_da_s
Begin processing td_20201026_da_s
Save of td_20201026_da_s done
-------------------------------------------

Opening          td_20200322_da_h_tlpdn_s
Begin processing td_20200322_da_h_tlpdn_s
Save of td_20200322_da_h_tlpdn_s done
-------------------------------------------

Opening          td_20201017_da_s
Begin processing td_20201017_da_s
Save of td_20201017_da_s done
-------------------------------------------

Opening          td_20200229_da_h
Begin processing td_20200229_da_h
Save of td_20200229_da_h done
-------------------------------------------

Opening          td_20200723_da_h
Begin processing td_20200723_da_h
Save of td_20200723_da_h done
-------------------------------------------

Opening          td_20200316_da_h
Begin processing td_20200316_da_h
Save of td_20200316_da_h done
-------------------------------------------

Opening          td_20200408_da_h
Begin processing td_20200408_da_h
Save of td_20200408_da_h done
-------------------------------------------

Opening          td_20200502_da_tlpdn_s
Begin processing td_20200502_da_tlpdn_s
Save of td_20200502_da_tlpdn_s done
-------------------------------------------

Opening          td_20201021_da_s
Begin processing td_20201021_da_s
Save of td_20201021_da_s done
-------------------------------------------

Opening          td_20200519_da_tlpdn_s
Begin processing td_20200519_da_tlpdn_s
Save of td_20200519_da_tlpdn_s done
-------------------------------------------

Opening          td_20200303_da_h_tlpdn_s
Begin processing td_20200303_da_h_tlpdn_s
Save of td_20200303_da_h_tlpdn_s done
-------------------------------------------

Opening          td_20201226_da
Begin processing td_20201226_da
Save of td_20201226_da done
-------------------------------------------

Opening          td_20200627_da_h
Begin processing td_20200627_da_h
Save of td_20200627_da_h done
-------------------------------------------

Opening          td_20201211_da
Begin processing td_20201211_da
Save of td_20201211_da done
-------------------------------------------

mettef
--------JOIN FILES--------
Get data:  mettef
Save file
mettef
---------SENTIMENT ANALYSIS----------
Conducting SA with VADER
Joining SA results
            created_at                   id  ...    pos compound
0                  NaN                  NaN  ...  0.160   0.0857
1  2020-04-19 17:50:37  1251931221262729216  ...  0.182   0.0172
2  2020-10-04 08:19:02  1312668540105875456  ...  0.076  -0.5423
3  2020-10-04 08:50:19  1312676412353114117  ...  0.060  -0.3646
4  2020-10-04 09:35:34  1312687799829762049  ...  0.110   0.3310

[5 rows x 8 columns]
ic| len(df): 2071
ic| len(df[df["dupe30"] == True]): 201
ic| len(df[df["dupe40"] == True]): 196
ic| len(df[df["dupe50"] == True]): 191
mettef
Length of quote tweets depending on text len: 
  search_keyword  index  created_at    id  ...  text50  dupe30  dupe40  dupe50
0     ['mettef']   1880        1880  1880  ...    1880    1880    1880    1880

[1 rows x 17 columns]
mettef
---VISUALIZE---
START loading data:  mettef
Visualize keyword mentions frequency
Save figure done
------------------

Visualize hashtag frequency
Save figure done
------------------

Visualize sentiment compound
Save figure done
------------------

Get word frequency
Visualize word frequency
Save figure done
------------------

