nohup: ignoring input
/home/commando/maris/lib/python3.6/site-packages/matplotlib/backends/backend_agg.py:211: RuntimeWarning: Glyph 12540 missing from current font.
  font.set_text(s, 0.0, flags=flags)
/home/commando/maris/lib/python3.6/site-packages/matplotlib/backends/backend_agg.py:180: RuntimeWarning: Glyph 12540 missing from current font.
  font.set_text(s, 0, flags=flags)
/home/commando/maris/lib/python3.6/site-packages/matplotlib/backends/backend_agg.py:211: RuntimeWarning: Glyph 8294 missing from current font.
  font.set_text(s, 0.0, flags=flags)
/home/commando/maris/lib/python3.6/site-packages/matplotlib/backends/backend_agg.py:211: RuntimeWarning: Glyph 8297 missing from current font.
  font.set_text(s, 0.0, flags=flags)
/home/commando/maris/lib/python3.6/site-packages/matplotlib/backends/backend_agg.py:180: RuntimeWarning: Glyph 8294 missing from current font.
  font.set_text(s, 0, flags=flags)
/home/commando/maris/lib/python3.6/site-packages/matplotlib/backends/backend_agg.py:180: RuntimeWarning: Glyph 8297 missing from current font.
  font.set_text(s, 0, flags=flags)
/home/commando/maris/lib/python3.6/site-packages/matplotlib/backends/backend_agg.py:211: RuntimeWarning: Glyph 8294 missing from current font.
  font.set_text(s, 0.0, flags=flags)
/home/commando/maris/lib/python3.6/site-packages/matplotlib/backends/backend_agg.py:211: RuntimeWarning: Glyph 8297 missing from current font.
  font.set_text(s, 0.0, flags=flags)
/home/commando/maris/lib/python3.6/site-packages/matplotlib/backends/backend_agg.py:180: RuntimeWarning: Glyph 8294 missing from current font.
  font.set_text(s, 0, flags=flags)
/home/commando/maris/lib/python3.6/site-packages/matplotlib/backends/backend_agg.py:180: RuntimeWarning: Glyph 8297 missing from current font.
  font.set_text(s, 0, flags=flags)
/home/commando/maris/lib/python3.6/site-packages/matplotlib/backends/backend_agg.py:211: RuntimeWarning: Glyph 8294 missing from current font.
  font.set_text(s, 0.0, flags=flags)
/home/commando/maris/lib/python3.6/site-packages/matplotlib/backends/backend_agg.py:211: RuntimeWarning: Glyph 8297 missing from current font.
  font.set_text(s, 0.0, flags=flags)
/home/commando/maris/lib/python3.6/site-packages/matplotlib/backends/backend_agg.py:180: RuntimeWarning: Glyph 8294 missing from current font.
  font.set_text(s, 0, flags=flags)
/home/commando/maris/lib/python3.6/site-packages/matplotlib/backends/backend_agg.py:180: RuntimeWarning: Glyph 8297 missing from current font.
  font.set_text(s, 0, flags=flags)
/home/commando/maris/lib/python3.6/site-packages/matplotlib/backends/backend_agg.py:211: RuntimeWarning: Glyph 8294 missing from current font.
  font.set_text(s, 0.0, flags=flags)
/home/commando/maris/lib/python3.6/site-packages/matplotlib/backends/backend_agg.py:211: RuntimeWarning: Glyph 8297 missing from current font.
  font.set_text(s, 0.0, flags=flags)
/home/commando/maris/lib/python3.6/site-packages/matplotlib/backends/backend_agg.py:180: RuntimeWarning: Glyph 8294 missing from current font.
  font.set_text(s, 0, flags=flags)
/home/commando/maris/lib/python3.6/site-packages/matplotlib/backends/backend_agg.py:180: RuntimeWarning: Glyph 8297 missing from current font.
  font.set_text(s, 0, flags=flags)
/home/commando/maris/lib/python3.6/site-packages/matplotlib/backends/backend_agg.py:211: RuntimeWarning: Glyph 8294 missing from current font.
  font.set_text(s, 0.0, flags=flags)
/home/commando/maris/lib/python3.6/site-packages/matplotlib/backends/backend_agg.py:211: RuntimeWarning: Glyph 8297 missing from current font.
  font.set_text(s, 0.0, flags=flags)
/home/commando/maris/lib/python3.6/site-packages/matplotlib/backends/backend_agg.py:180: RuntimeWarning: Glyph 8294 missing from current font.
  font.set_text(s, 0, flags=flags)
/home/commando/maris/lib/python3.6/site-packages/matplotlib/backends/backend_agg.py:180: RuntimeWarning: Glyph 8297 missing from current font.
  font.set_text(s, 0, flags=flags)
TESTING:  202005
Date specifics: from  2020-05-01
 to  2020-05-05
Input keywords are  covid
---VISUALIZE---
START loading data:  covid
Visualize keyword mentions frequency
Save figure done
------------------

Visualize hashtag frequency
Save figure done
------------------

Visualize sentiment compound
Save figure done
------------------

Get word frequency
Visualize word frequency
Save figure done
------------------

Visualize bigrams
Save figure done
------------------

Visualize bigrams
Save figure done
------------------

Visualize bigrams
Save figure done
------------------

Visualize bigrams
Save figure done
------------------

Visualize bigrams
Save figure done
------------------

